library/build/outputs/logs/manifest-merger-debug-report.txt
-- Merging decision tree log ---
manifest
ADDED from Projectgreenscreen/library/AndroidManifest.xml:2:1-4:12
INJECTED from Projectgreenscreen/library/AndroidManifest.xml:2:1-4:12
INJECTED from Projectgreenscreen/library/AndroidManifest.xml:2:1-4:12
INJECTED from Projectgreenscreen/library/AndroidManifest.xml:2:1-4:12
INJECTED from Projectgreenscreen/library/AndroidManifest.xml:2:1-4:12
INJECTED from Projectgreenscreen/library/AndroidManifest.xml:2:1-4:12
INJECTED from Projectgreenscreen/library/AndroidManifest.xml:2:1-4:12
	package
		ADDED from Projectgreenscreen/library/AndroidManifest.xml:3:5-48
		INJECTED from Projectgreenscreen/library/AndroidManifest.xml
		INJECTED from Projectgreenscreen/library/AndroidManifest.xml
	android:versionName
		INJECTED from Projectgreenscreen/library/AndroidManifest.xml
		ADDED from Projectgreenscreen/library/AndroidManifest.xml:2:1-4:12
		INJECTED from Projectgreenscreen/library/AndroidManifest.xml
	xmlns:android
		ADDED from Projectgreenscreen/library/AndroidManifest.xml:2:1-4:12
	android:versionCode
		INJECTED from Projectgreenscreen/library/AndroidManifest.xml
		ADDED from Projectgreenscreen/library/AndroidManifest.xml:2:1-4:12
		INJECTED from Projectgreenscreen/library/AndroidManifest.xml
uses-sdk
INJECTED from Projectgreenscreen/library/AndroidManifest.xml reason: use-sdk injection requested
INJECTED from Projectgreenscreen/library/AndroidManifest.xml
INJECTED from Projectgreenscreen/library/AndroidManifest.xml
INJECTED from Projectgreenscreen/library/AndroidManifest.xml
INJECTED from Projectgreenscreen/library/AndroidManifest.xml
	android:targetSdkVersion
		INJECTED from Projectgreenscreen/library/AndroidManifest.xml
		ADDED from Projectgreenscreen/library/AndroidManifest.xml
		INJECTED from Projectgreenscreen/library/AndroidManifest.xml
	android:minSdkVersion
		INJECTED from Projectgreenscreen/library/AndroidManifest.xml
		ADDED from Projectgreenscreen/library/AndroidManifest.xml
		INJECTED from Projectgreenscreen/library/AndroidManifest.xml